c:\users\jkar3\source\repos\oop345\oop345 exercise\workshop 2 - rpg game\x64\debug\vc143.pdb
c:\users\jkar3\source\repos\oop345\oop345 exercise\workshop 2 - rpg game\x64\debug\vc143.idb
c:\users\jkar3\source\repos\oop345\oop345 exercise\workshop 2 - rpg game\x64\debug\tester_1.obj
c:\users\jkar3\source\repos\oop345\oop345 exercise\workshop 2 - rpg game\x64\debug\rogue.obj
c:\users\jkar3\source\repos\oop345\oop345 exercise\workshop 2 - rpg game\x64\debug\charactertpl.obj
c:\users\jkar3\source\repos\oop345\oop345 exercise\workshop 2 - rpg game\x64\debug\barbarian.obj
c:\users\jkar3\source\repos\oop345\oop345 exercise\workshop 2 - rpg game\x64\debug\archer.obj
c:\users\jkar3\source\repos\oop345\oop345 exercise\workshop 2 - rpg game\x64\debug\team.obj
c:\users\jkar3\source\repos\oop345\oop345 exercise\workshop 2 - rpg game\x64\debug\guild.obj
c:\users\jkar3\source\repos\oop345\oop345 exercise\x64\debug\workshop 2 - rpg game.exe
c:\users\jkar3\source\repos\oop345\oop345 exercise\x64\debug\workshop 2 - rpg game.pdb
c:\users\jkar3\source\repos\oop345\oop345 exercise\workshop 2 - rpg game\x64\debug\barbarian.obj.enc
c:\users\jkar3\source\repos\oop345\oop345 exercise\workshop 2 - rpg game\x64\debug\tester_1.obj.enc
c:\users\jkar3\source\repos\oop345\oop345 exercise\workshop 2 - rpg game\x64\debug\workshop 2 - rpg game.ilk
c:\users\jkar3\source\repos\oop345\oop345 exercise\workshop 2 - rpg game\x64\debug\workshop.f5935e51.tlog\cl.command.1.tlog
c:\users\jkar3\source\repos\oop345\oop345 exercise\workshop 2 - rpg game\x64\debug\workshop.f5935e51.tlog\cl.items.tlog
c:\users\jkar3\source\repos\oop345\oop345 exercise\workshop 2 - rpg game\x64\debug\workshop.f5935e51.tlog\cl.read.1.tlog
c:\users\jkar3\source\repos\oop345\oop345 exercise\workshop 2 - rpg game\x64\debug\workshop.f5935e51.tlog\cl.write.1.tlog
c:\users\jkar3\source\repos\oop345\oop345 exercise\workshop 2 - rpg game\x64\debug\workshop.f5935e51.tlog\link.command.1.tlog
c:\users\jkar3\source\repos\oop345\oop345 exercise\workshop 2 - rpg game\x64\debug\workshop.f5935e51.tlog\link.read.1.tlog
c:\users\jkar3\source\repos\oop345\oop345 exercise\workshop 2 - rpg game\x64\debug\workshop.f5935e51.tlog\link.secondary.1.tlog
c:\users\jkar3\source\repos\oop345\oop345 exercise\workshop 2 - rpg game\x64\debug\workshop.f5935e51.tlog\link.write.1.tlog
